<?xml version="1.0" encoding="UTF-8"?>
<testng-results ignored="0" total="1" passed="1" failed="0" skipped="0">
  <reporter-output>
  </reporter-output>
  <suite started-at="2022-03-13T23:24:57 EDT" name="Default suite" finished-at="2022-03-13T23:25:05 EDT" duration-ms="8397">
    <groups>
    </groups>
    <test started-at="2022-03-13T23:24:57 EDT" name="Default test" finished-at="2022-03-13T23:25:05 EDT" duration-ms="8397">
      <class name="com.travelagileway.test.TC_LoginTest_001">
        <test-method is-config="true" signature="setup()[pri:0, instance:com.travelagileway.test.TC_LoginTest_001@4082ba93]" started-at="2022-03-13T23:24:57 EDT" name="setup" finished-at="2022-03-13T23:24:59 EDT" duration-ms="1965" status="PASS">
          <reporter-output>
          </reporter-output>
        </test-method> <!-- setup -->
        <test-method signature="Travel()[pri:0, instance:com.travelagileway.test.TC_LoginTest_001@4082ba93]" started-at="2022-03-13T23:24:59 EDT" name="Travel" finished-at="2022-03-13T23:25:05 EDT" duration-ms="6192" status="PASS">
          <reporter-output>
          </reporter-output>
        </test-method> <!-- Travel -->
        <test-method is-config="true" signature="cleanup()[pri:0, instance:com.travelagileway.test.TC_LoginTest_001@4082ba93]" started-at="2022-03-13T23:25:05 EDT" name="cleanup" finished-at="2022-03-13T23:25:05 EDT" duration-ms="195" status="PASS">
          <reporter-output>
          </reporter-output>
        </test-method> <!-- cleanup -->
      </class> <!-- com.travelagileway.test.TC_LoginTest_001 -->
    </test> <!-- Default test -->
  </suite> <!-- Default suite -->
</testng-results>
